ERROR: system: Crop is already defined in that package
ERROR: system: AutoSpawner is already defined in that package
INFO: MineTweaker: Building registry
INFO: MineTweaker: Sucessfully built item registry
INFO: Adding minetweaker command mfr
INFO: Removing 1 recipes
INFO: Removing 1 recipes
INFO: Removing 1 recipes
INFO: Removing 1 recipes
INFO: Removing 1 recipes
INFO: Removing 1 recipes
INFO: Removing 0 recipes
INFO: Removing 1 recipes
INFO: Removing 1 recipes
INFO: Removing 1 recipes
INFO: Removing 1 recipes
INFO: Removing 1 recipes
INFO: Removing 1 recipes
INFO: Removing 1 recipes
INFO: Removing 0 recipes
INFO: Removing 2 recipes
INFO: Removing 0 recipes
INFO: Removing 0 recipes
INFO: Removing 0 recipes
INFO: Adding recipe for Infinite Water Source
INFO: Adding recipe for Accio Furnace
INFO: Adding recipe for ME Drive
INFO: Adding recipe for Fence
INFO: Adding recipe for Ultimate Furnace
INFO: Adding recipe for Accio Furnace
INFO: Adding recipe for Stone
INFO: Adding recipe for Diamond Chest
INFO: Removing recipe for Diamond Chest
INFO: Removing recipe for Stone
INFO: Removing recipe for Accio Furnace
INFO: Removing recipe for Ultimate Furnace
INFO: Removing recipe for Fence
INFO: Removing recipe for ME Drive
INFO: Removing recipe for Accio Furnace
INFO: Removing recipe for Infinite Water Source
INFO: Restoring 0 recipes
INFO: Restoring 0 recipes
INFO: Restoring 0 recipes
INFO: Restoring 2 recipes
INFO: Restoring 0 recipes
INFO: Restoring 1 recipes
INFO: Restoring 1 recipes
INFO: Restoring 1 recipes
INFO: Restoring 1 recipes
INFO: Restoring 1 recipes
INFO: Restoring 1 recipes
INFO: Restoring 1 recipes
INFO: Restoring 0 recipes
INFO: Restoring 1 recipes
INFO: Restoring 1 recipes
INFO: Restoring 1 recipes
INFO: Restoring 1 recipes
INFO: Restoring 1 recipes
INFO: Restoring 1 recipes
INFO: Removing minetweaker command mfr
INFO: Adding minetweaker command mfr
INFO: Removing 1 recipes
INFO: Removing 1 recipes
INFO: Removing 2 recipes
INFO: Removing 1 recipes
INFO: Removing 1 recipes
INFO: Removing 1 recipes
INFO: Removing 0 recipes
INFO: Removing 1 recipes
INFO: Removing 1 recipes
INFO: Removing 1 recipes
INFO: Removing 1 recipes
INFO: Removing 1 recipes
INFO: Removing 1 recipes
INFO: Removing 1 recipes
INFO: Removing 0 recipes
INFO: Removing 2 recipes
INFO: Removing 0 recipes
INFO: Removing 0 recipes
INFO: Removing 0 recipes
INFO: Adding recipe for Infinite Water Source
INFO: Adding recipe for Accio Furnace
INFO: Adding recipe for ME Drive
INFO: Adding recipe for Fence
INFO: Adding recipe for Ultimate Furnace
INFO: Adding recipe for Accio Furnace
INFO: Adding recipe for Stone
INFO: Adding recipe for Diamond Chest
